<?xml version="1.0" encoding="UTF-8"?>

<!--
  ~ Copyright Â© 2017. All information contained here included the intellectual and technical concepts are property of Null Point Software.
  -->

<beans xmlns:xsi="http://www.w3.org/2001/XMLSchema-instance"
       xmlns="http://www.springframework.org/schema/beans"
       xsi:schemaLocation="http://www.springframework.org/schema/beans http://www.springframework.org/schema/beans/spring-beans-4.0.xsd">

    <import resource="datasource.xml"/>
    <import resource="config/packages.xml"/>

</beans>